  [1m[35m (78.8ms)[0m  [1m[34mSELECT "schema_migrations"."version" FROM "schema_migrations" ORDER BY "schema_migrations"."version" ASC[0m
  ↳ bin/rails:4
  [1m[35m (83.9ms)[0m  [1m[34mSELECT "schema_migrations"."version" FROM "schema_migrations" ORDER BY "schema_migrations"."version" ASC[0m
  ↳ bin/rails:4
  [1m[35m (75.3ms)[0m  [1m[34mSELECT pg_try_advisory_lock(3059835895979837730)[0m
  ↳ bin/rails:4
  [1m[35m (77.6ms)[0m  [1m[34mSELECT "schema_migrations"."version" FROM "schema_migrations" ORDER BY "schema_migrations"."version" ASC[0m
  ↳ bin/rails:4
  [1m[35m (77.5ms)[0m  [1m[34mSELECT pg_advisory_unlock(3059835895979837730)[0m
  ↳ bin/rails:4
  [1m[35m (84.0ms)[0m  [1m[34mSELECT "schema_migrations"."version" FROM "schema_migrations" ORDER BY "schema_migrations"."version" ASC[0m
  ↳ bin/rails:4
  [1m[35m (8.0ms)[0m  [1m[35mCREATE DATABASE "supp2u_development" ENCODING = 'unicode'[0m
  ↳ bin/rails:4
  [1m[35m (0.8ms)[0m  [1m[35mCREATE DATABASE "supp2u_test" ENCODING = 'unicode'[0m
  ↳ bin/rails:4
  [1m[35m (0.7ms)[0m  [1m[35mCREATE DATABASE "supp2u_development" ENCODING = 'unicode'[0m
  ↳ bin/rails:4
  [1m[35m (0.6ms)[0m  [1m[35mCREATE DATABASE "supp2u_test" ENCODING = 'unicode'[0m
  ↳ bin/rails:4
  [1m[35m (0.7ms)[0m  [1m[35mCREATE DATABASE "supp2u_development" ENCODING = 'unicode'[0m
  ↳ bin/rails:4
  [1m[35m (0.7ms)[0m  [1m[35mCREATE DATABASE "supp2u_test" ENCODING = 'unicode'[0m
  ↳ bin/rails:4
  [1m[35m (0.7ms)[0m  [1m[35mCREATE DATABASE "supp2u_development" ENCODING = 'unicode'[0m
  ↳ bin/rails:4
  [1m[35m (0.7ms)[0m  [1m[35mCREATE DATABASE "supp2u_test" ENCODING = 'unicode'[0m
  ↳ bin/rails:4
  [1m[35m (2779.4ms)[0m  [1m[35mCREATE DATABASE "supp2u_dev" ENCODING = 'unicode'[0m
  ↳ bin/rails:4
  [1m[35m (0.7ms)[0m  [1m[35mCREATE DATABASE "supp2u_dev" ENCODING = 'unicode'[0m
  ↳ bin/rails:4
  [1m[35m (0.7ms)[0m  [1m[35mCREATE DATABASE "supp2u_dev" ENCODING = 'unicode'[0m
  ↳ bin/rails:4
  [1m[35m (1647.8ms)[0m  [1m[35mCREATE DATABASE "supp2u_dev" ENCODING = 'unicode'[0m
  ↳ bin/rails:4
  [1m[35m (0.6ms)[0m  [1m[35mCREATE DATABASE "supp2u_dev" ENCODING = 'unicode'[0m
  ↳ bin/rails:4
  [1m[35m (1693.3ms)[0m  [1m[35mCREATE DATABASE "supp2u_test" ENCODING = 'unicode'[0m
  ↳ bin/rails:4
